# JRE version: OpenJDK Runtime Environment (19.0.2+7) (build 19.0.2+7-44)
# Java VM: OpenJDK 64-Bit Server VM (19.0.2+7-44, mixed mode, sharing, tiered, compressed oops, compressed class ptrs, g1 gc, windows-amd64)
GC Precious Log:
 CardTable entry size: 512
 Card Set container configuration: InlinePtr #cards 4 size 8 Array Of Cards #cards 16 size 48 Howl #buckets 8 coarsen threshold 3686 Howl Bitmap #cards 512 size 80 coarsen threshold 460 Card regions per heap region 1 cards per card region 4096
 CPUs: 8 total, 8 available
 Memory: 16256M
 Large Page Support: Disabled
 NUMA Support: Disabled
 Compressed Oops: Enabled (Zero based)
 Heap Region Size: 2M
 Heap Min Capacity: 8M
 Heap Initial Capacity: 256M
 Heap Max Capacity: 4066M
 Pre-touch: Disabled
 Parallel Workers: 8
 Concurrent Workers: 2
 Concurrent Refinement Workers: 8
 Periodic GC: Disabled
Heap:
 garbage-first heap   total 829440K, used 634621K [0x0000000701e00000, 0x0000000800000000)
  region size 2048K, 121 young (247808K), 9 survivors (18432K)
 Metaspace       used 21115K, committed 21504K, reserved 1114112K
  class space    used 2661K, committed 2880K, reserved 1048576K
GC Heap History (20 events):
Event: 42.954 GC heap before
{Heap before GC invocations=27 (full 0):
 garbage-first heap   total 829440K, used 753039K [0x0000000701e00000, 0x0000000800000000)
  region size 2048K, 243 young (497664K), 3 survivors (6144K)
 Metaspace       used 20487K, committed 20864K, reserved 1114112K
  class space    used 2652K, committed 2816K, reserved 1048576K
}
Event: 42.963 GC heap after
{Heap after GC invocations=28 (full 0):
 garbage-first heap   total 829440K, used 249718K [0x0000000701e00000, 0x0000000800000000)
  region size 2048K, 4 young (8192K), 4 survivors (8192K)
 Metaspace       used 20487K, committed 20864K, reserved 1114112K
  class space    used 2652K, committed 2816K, reserved 1048576K
}
Event: 44.027 GC heap before
{Heap before GC invocations=28 (full 0):
 garbage-first heap   total 829440K, used 763766K [0x0000000701e00000, 0x0000000800000000)
  region size 2048K, 229 young (468992K), 4 survivors (8192K)
 Metaspace       used 20490K, committed 20864K, reserved 1114112K
  class space    used 2652K, committed 2816K, reserved 1048576K
}
Event: 44.035 GC heap after
{Heap after GC invocations=29 (full 0):
 garbage-first heap   total 829440K, used 280260K [0x0000000701e00000, 0x0000000800000000)
  region size 2048K, 4 young (8192K), 4 survivors (8192K)
 Metaspace       used 20490K, committed 20864K, reserved 1114112K
  class space    used 2652K, committed 2816K, reserved 1048576K
}
Event: 45.077 GC heap before
{Heap before GC invocations=29 (full 0):
 garbage-first heap   total 829440K, used 779972K [0x0000000701e00000, 0x0000000800000000)
  region size 2048K, 220 young (450560K), 4 survivors (8192K)
 Metaspace       used 20494K, committed 20864K, reserved 1114112K
  class space    used 2652K, committed 2816K, reserved 1048576K
}
Event: 45.085 GC heap after
{Heap after GC invocations=30 (full 0):
 garbage-first heap   total 829440K, used 309805K [0x0000000701e00000, 0x0000000800000000)
  region size 2048K, 4 young (8192K), 4 survivors (8192K)
 Metaspace       used 20494K, committed 20864K, reserved 1114112K
  class space    used 2652K, committed 2816K, reserved 1048576K
}
Event: 46.203 GC heap before
{Heap before GC invocations=30 (full 0):
 garbage-first heap   total 829440K, used 776749K [0x0000000701e00000, 0x0000000800000000)
  region size 2048K, 208 young (425984K), 4 survivors (8192K)
 Metaspace       used 20503K, committed 20864K, reserved 1114112K
  class space    used 2652K, committed 2816K, reserved 1048576K
}
Event: 46.211 GC heap after
{Heap after GC invocations=31 (full 0):
 garbage-first heap   total 829440K, used 324572K [0x0000000701e00000, 0x0000000800000000)
  region size 2048K, 5 young (10240K), 5 survivors (10240K)
 Metaspace       used 20503K, committed 20864K, reserved 1114112K
  class space    used 2652K, committed 2816K, reserved 1048576K
}
Event: 47.474 GC heap before
{Heap before GC invocations=31 (full 0):
 garbage-first heap   total 829440K, used 762844K [0x0000000701e00000, 0x0000000800000000)
  region size 2048K, 202 young (413696K), 5 survivors (10240K)
 Metaspace       used 20507K, committed 20864K, reserved 1114112K
  class space    used 2652K, committed 2816K, reserved 1048576K
}
Event: 47.482 GC heap after
{Heap after GC invocations=32 (full 0):
 garbage-first heap   total 829440K, used 343931K [0x0000000701e00000, 0x0000000800000000)
  region size 2048K, 5 young (10240K), 5 survivors (10240K)
 Metaspace       used 20507K, committed 20864K, reserved 1114112K
  class space    used 2652K, committed 2816K, reserved 1048576K
}
Event: 48.166 GC heap before
{Heap before GC invocations=32 (full 0):
 garbage-first heap   total 829440K, used 718715K [0x0000000701e00000, 0x0000000800000000)
  region size 2048K, 171 young (350208K), 5 survivors (10240K)
 Metaspace       used 20509K, committed 20864K, reserved 1114112K
  class space    used 2652K, committed 2816K, reserved 1048576K
}
Event: 48.175 GC heap after
{Heap after GC invocations=33 (full 0):
 garbage-first heap   total 829440K, used 355834K [0x0000000701e00000, 0x0000000800000000)
  region size 2048K, 5 young (10240K), 5 survivors (10240K)
 Metaspace       used 20509K, committed 20864K, reserved 1114112K
  class space    used 2652K, committed 2816K, reserved 1048576K
}
Event: 110.344 GC heap before
{Heap before GC invocations=33 (full 0):
 garbage-first heap   total 829440K, used 577018K [0x0000000701e00000, 0x0000000800000000)
  region size 2048K, 105 young (215040K), 5 survivors (10240K)
 Metaspace       used 21111K, committed 21504K, reserved 1114112K
  class space    used 2661K, committed 2880K, reserved 1048576K
}
Event: 110.354 GC heap after
{Heap after GC invocations=34 (full 0):
 garbage-first heap   total 829440K, used 369154K [0x0000000701e00000, 0x0000000800000000)
  region size 2048K, 5 young (10240K), 5 survivors (10240K)
 Metaspace       used 21111K, committed 21504K, reserved 1114112K
  class space    used 2661K, committed 2880K, reserved 1048576K
}
Event: 110.563 GC heap before
{Heap before GC invocations=34 (full 0):
 garbage-first heap   total 829440K, used 528898K [0x0000000701e00000, 0x0000000800000000)
  region size 2048K, 80 young (163840K), 5 survivors (10240K)
 Metaspace       used 21114K, committed 21504K, reserved 1114112K
  class space    used 2661K, committed 2880K, reserved 1048576K
}
Event: 110.572 GC heap after
{Heap after GC invocations=35 (full 0):
 garbage-first heap   total 829440K, used 369246K [0x0000000701e00000, 0x0000000800000000)
  region size 2048K, 5 young (10240K), 5 survivors (10240K)
 Metaspace       used 21114K, committed 21504K, reserved 1114112K
  class space    used 2661K, committed 2880K, reserved 1048576K
}
Event: 110.603 GC heap before
{Heap before GC invocations=35 (full 0):
 garbage-first heap   total 829440K, used 377438K [0x0000000701e00000, 0x0000000800000000)
  region size 2048K, 6 young (12288K), 5 survivors (10240K)
 Metaspace       used 21114K, committed 21504K, reserved 1114112K
  class space    used 2661K, committed 2880K, reserved 1048576K
}
Event: 110.612 GC heap after
{Heap after GC invocations=36 (full 0):
 garbage-first heap   total 829440K, used 377588K [0x0000000701e00000, 0x0000000800000000)
  region size 2048K, 6 young (12288K), 6 survivors (12288K)
 Metaspace       used 21114K, committed 21504K, reserved 1114112K
  class space    used 2661K, committed 2880K, reserved 1048576K
}
Event: 110.810 GC heap before
{Heap before GC invocations=36 (full 0):
 garbage-first heap   total 829440K, used 449268K [0x0000000701e00000, 0x0000000800000000)
  region size 2048K, 38 young (77824K), 6 survivors (12288K)
 Metaspace       used 21114K, committed 21504K, reserved 1114112K
  class space    used 2661K, committed 2880K, reserved 1048576K
}
Event: 110.824 GC heap after
{Heap after GC invocations=37 (full 0):
 garbage-first heap   total 829440K, used 392957K [0x0000000701e00000, 0x0000000800000000)
  region size 2048K, 9 young (18432K), 9 survivors (18432K)
 Metaspace       used 21114K, committed 21504K, reserved 1114112K
  class space    used 2661K, committed 2880K, reserved 1048576K
}

